User admin loaded products into warehouse at 2024-06-03 20:56:10
User admin saved products to file at 2024-06-03 20:56:34
User admin loaded products into warehouse at 2024-06-03 20:57:50
User admin saved products to file at 2024-06-03 20:58:16
User admin added quantity to product Shampoo (ID: 5cee37ef-b726-4efc-b051-764f615bcb84) at 2024-06-03 20:58:16
User sedm loaded products into warehouse at 2024-06-04 06:12:56
User admin loaded products into warehouse at 2024-06-04 06:20:22
User admin loaded products into warehouse at 2024-06-04 06:23:21
User admin saved products to file at 2024-06-04 06:23:21
User admin created product Parfume (ID: 6f2a3cdb-0a99-43f1-a7ba-7515c0f1468f) at 2024-06-04 06:23:21
User admin loaded products into warehouse at 2024-06-04 06:46:06
User admin loaded products into warehouse at 2024-06-04 06:48:09
User admin loaded products into warehouse at 2024-06-04 06:56:41
User admin loaded products into warehouse at 2024-06-04 06:59:36
User admin loaded products into warehouse at 2024-06-04 07:00:05
User admin loaded products into warehouse at 2024-06-04 07:04:37
User admin loaded products into warehouse at 2024-06-04 07:14:17
User admin saved products to file at 2024-06-04 07:14:17
User admin loaded products into warehouse at 2024-06-04 07:14:54
User admin saved products to file at 2024-06-04 07:14:54
User admin loaded products into warehouse at 2024-06-04 07:17:25
User admin failed to update quantity for product with ID:  at 2024-06-04 07:17:25
User admin loaded products into warehouse at 2024-06-04 07:20:37
User admin failed to update quantity for product with ID:  at 2024-06-04 07:20:37
User admin loaded products into warehouse at 2024-06-04 07:21:46
User admin failed to update quantity for product with ID:  at 2024-06-04 07:21:46
User admin loaded products into warehouse at 2024-06-04 07:32:05
User admin loaded products into warehouse at 2024-06-04 10:40:28
User admin loaded products into warehouse at 2024-06-04 13:26:41
User admin loaded products into warehouse at 2024-06-04 14:33:47
User admin saved products to file at 2024-06-04 14:34:06
User admin updated quantity for product Soap (ID: 0f19127c-fa5c-4523-ad80-f01f057b0ea2)to 10 at 2024-06-04 14:34:06
User admin saved products to file at 2024-06-04 14:39:53
User admin added quantity to product Soap (ID: 0f19127c-fa5c-4523-ad80-f01f057b0ea2) at 2024-06-04 14:39:53
User admin loaded products into warehouse at 2024-06-04 14:40:25
User admin saved products to file at 2024-06-04 14:40:39
User admin added quantity of 5 to product Soap (ID: 0f19127c-fa5c-4523-ad80-f01f057b0ea2) at 2024-06-04 14:40:39
User admin loaded products into warehouse at 2024-06-04 18:52:58
User user1 loaded products into warehouse at 2024-06-04 18:53:23
User admin loaded products into warehouse at 2024-06-05 16:41:40
User admin loaded products into warehouse at 2024-06-05 17:39:31
User admin saved products to file at 2024-06-05 17:40:37
User admin created product Bread (ID: 77c3127f-0085-4671-bac4-82490857bd94) at 2024-06-05 17:40:37
User admin saved products to file at 2024-06-05 17:42:03
User admin updated information for product Parfume "LL" (ID: 6f2a3cdb-0a99-43f1-a7ba-7515c0f1468f)to 35 at 2024-06-05 17:42:03
User admin saved products to file at 2024-06-05 17:42:41
User admin updated information for product  (ID: 6f2a3cdb-0a99-43f1-a7ba-7515c0f1468f)to 30 at 2024-06-05 17:42:41
User admin loaded products into warehouse at 2024-06-06 09:52:27
User admin saved products to file at 2024-06-06 09:57:31
User admin updated information for product Soap "Strawberry" (ID: 0f19127c-fa5c-4523-ad80-f01f057b0ea2)to 20 at 2024-06-06 09:57:31
User admin saved products to file at 2024-06-06 09:58:10
User admin updated information for product Shampoo "Best" (ID: 5cee37ef-b726-4efc-b051-764f615bcb84)to 20 at 2024-06-06 09:58:10
User admin saved products to file at 2024-06-06 09:59:05
User admin updated information for product Parfume "She" (ID: 6f2a3cdb-0a99-43f1-a7ba-7515c0f1468f)to 25 at 2024-06-06 09:59:05
User admin loaded products into warehouse at 2024-06-06 10:18:20
User admin loaded products into warehouse at 2024-06-06 10:26:32
User admin generated product report at 2024-06-06 10:26:37
User admin loaded products into warehouse at 2024-06-06 10:27:41
User admin generated product report at 2024-06-06 10:27:43
User admin loaded products into warehouse at 2024-06-06 10:38:56
User admin saved products to file at 2024-06-06 10:40:00
User admin created product Cup (ID: 8a4bef4c-a77a-4316-9509-98cfe2e57834) at 2024-06-06 10:40:00
User admin saved products to file at 2024-06-06 10:40:51
User admin created product Dishwasher (ID: 9c343e10-6276-4f3e-ace5-d01bea9503d0) at 2024-06-06 10:40:51
User admin loaded products into warehouse at 2024-06-06 11:15:46
User admin generated product report at 2024-06-06 11:16:00
User admin loaded products into warehouse at 2024-06-06 11:19:30
User admin loaded products into warehouse at 2024-06-06 11:31:29
User admin loaded products into warehouse at 2024-06-06 11:33:47
User admin saved products to file at 2024-06-06 11:34:13
User admin created product Vase (ID: 586ba148-635e-44cf-96bf-948ea1250e95) at 2024-06-06 11:34:13
User admin loaded products into warehouse at 2024-06-06 11:38:23
User admin saved products to file at 2024-06-06 11:39:06
User admin created product Milk (ID: f39a8a3d-3be9-41d8-abbe-47f246802f4a) at 2024-06-06 11:39:06
User admin saved products to file at 2024-06-06 11:39:33
User admin created product Dress (ID: 39b35c4d-a54a-40b0-acd8-eb584c3a5926) at 2024-06-06 11:39:33
User admin generated product report at 2024-06-06 11:39:53
User admin loaded products into warehouse at 2024-06-06 11:59:17
User admin saved products to file at 2024-06-06 12:00:22
User admin updated information for product Dress (ID: 39b35c4d-a54a-40b0-acd8-eb584c3a5926)to 0 at 2024-06-06 12:00:22
User admin loaded products into warehouse at 2024-06-06 12:03:17
User admin saved products to file at 2024-06-06 12:04:02
User admin updated information for product Milk (ID: f39a8a3d-3be9-41d8-abbe-47f246802f4a)to 0 at 2024-06-06 12:04:02
User admin loaded products into warehouse at 2024-06-06 12:06:21
User admin saved products to file at 2024-06-06 12:06:56
User admin updated information for product Vase (ID: 586ba148-635e-44cf-96bf-948ea1250e95)to 3 at 2024-06-06 12:06:56
User admin saved products to file at 2024-06-06 12:08:01
User admin updated information for product Jogurt (ID: f39a8a3d-3be9-41d8-abbe-47f246802f4a)to 5 at 2024-06-06 12:08:01
User admin saved products to file at 2024-06-06 12:08:55
User admin updated information for product Dress ZARA (ID: 39b35c4d-a54a-40b0-acd8-eb584c3a5926)to 10 at 2024-06-06 12:08:55
User admin loaded products into warehouse at 2024-06-07 09:48:09
User admin generated product report at 2024-06-07 09:48:26
